# started on Mon Apr 19 12:39:52 2021


 Performance counter stats for 'p3arsec/bin/parsecmgmt -a run -p facesim -c gcc-pthreads -i native -n 1':

        558,900.34 msec task-clock                #    1.979 CPUs utilized          
            91,614      context-switches          #    0.164 K/sec                  
             2,500      cpu-migrations            #    0.004 K/sec                  
           753,711      page-faults               #    0.001 M/sec                  
   798,209,687,368      cycles                    #    1.428 GHz                      (0.42%)
   729,769,426,628      instructions              #    0.91  insn per cycle           (0.51%)
   143,945,227,647      branches                  #  257.551 M/sec                    (0.51%)
     3,652,777,025      branch-misses             #    2.54% of all branches          (0.51%)
   204,450,252,554      L1-dcache-loads           #  365.808 M/sec                    (0.51%)
    10,518,968,230      L1-dcache-load-misses     #    5.15% of all L1-dcache hits    (0.51%)
     3,298,064,253      LLC-loads                 #    5.901 M/sec                    (0.34%)
       593,363,374      LLC-load-misses           #   17.99% of all LL-cache hits     (0.34%)

     282.457619262 seconds time elapsed

     277.858699000 seconds user
     278.878293000 seconds sys

# started on Mon Apr 19 12:54:41 2021


 Performance counter stats for 'p3arsec/bin/parsecmgmt -a run -p facesim -c gcc-pthreads -i native -n 2':

        444,022.08 msec task-clock                #    2.828 CPUs utilized
           183,552      context-switches          #    0.413 K/sec
             2,219      cpu-migrations            #    0.005 K/sec
           706,928      page-faults               #    0.002 M/sec
   678,168,921,246      cycles                    #    1.527 GHz                      (0.50%)
   614,186,075,367      instructions              #    0.91  insn per cycle           (0.60%)
   120,826,095,833      branches                  #  272.117 M/sec                    (0.61%)
     3,042,844,026      branch-misses             #    2.52% of all branches          (0.60%)
   172,641,637,030      L1-dcache-loads           #  388.813 M/sec                    (0.61%)
     8,824,188,826      L1-dcache-load-misses     #    5.11% of all L1-dcache hits    (0.61%)
     2,736,277,262      LLC-loads                 #    6.162 M/sec                    (0.40%)
       496,486,754      LLC-load-misses           #   18.14% of all LL-cache hits     (0.40%)

     157.021660008 seconds time elapsed

     287.896962000 seconds user
     154.721117000 seconds sys


# started on Mon Apr 19 12:51:07 2021


 Performance counter stats for 'p3arsec/bin/parsecmgmt -a run -p facesim -c gcc-pthreads -i native -n 3':

        400,054.20 msec task-clock                #    3.545 CPUs utilized
           231,372      context-switches          #    0.578 K/sec
             2,208      cpu-migrations            #    0.006 K/sec
           605,636      page-faults               #    0.002 M/sec
   593,376,357,118      cycles                    #    1.483 GHz                      (0.58%)
   525,612,304,389      instructions              #    0.89  insn per cycle           (0.71%)
   106,033,006,683      branches                  #  265.047 M/sec                    (0.72%)
     2,545,444,491      branch-misses             #    2.40% of all branches          (0.73%)
   144,150,203,576      L1-dcache-loads           #  360.327 M/sec                    (0.74%)
     7,417,235,288      L1-dcache-load-misses     #    5.15% of all L1-dcache hits    (0.74%)
     2,325,891,021      LLC-loads                 #    5.814 M/sec                    (0.47%)
       407,354,668      LLC-load-misses           #   17.51% of all LL-cache hits     (0.46%)

     112.853015201 seconds time elapsed

     288.037578000 seconds user
     111.327414000 seconds sys


# started on Mon Apr 19 12:57:39 2021


 Performance counter stats for 'p3arsec/bin/parsecmgmt -a run -p facesim -c gcc-pthreads -i native -n 4':

        377,616.70 msec task-clock                #    4.209 CPUs utilized
           291,212      context-switches          #    0.771 K/sec
             1,986      cpu-migrations            #    0.005 K/sec
           533,137      page-faults               #    0.001 M/sec
   567,337,143,734      cycles                    #    1.502 GHz                      (0.61%)
   514,556,551,715      instructions              #    0.91  insn per cycle           (0.73%)
   101,794,872,480      branches                  #  269.572 M/sec                    (0.73%)
     2,488,474,640      branch-misses             #    2.44% of all branches          (0.72%)
   145,355,912,227      L1-dcache-loads           #  384.930 M/sec                    (0.72%)
     7,674,919,465      L1-dcache-load-misses     #    5.28% of all L1-dcache hits    (0.72%)
     2,352,661,749      LLC-loads                 #    6.230 M/sec                    (0.48%)
       414,255,187      LLC-load-misses           #   17.61% of all LL-cache hits     (0.49%)

      89.716702935 seconds time elapsed

     288.719311000 seconds user
      88.490131000 seconds sys


# started on Mon Apr 19 12:59:28 2021


 Performance counter stats for 'p3arsec/bin/parsecmgmt -a run -p facesim -c gcc-pthreads -i native -n 6':

        359,503.17 msec task-clock                #    5.215 CPUs utilized
           404,010      context-switches          #    0.001 M/sec
             2,255      cpu-migrations            #    0.006 K/sec
           506,923      page-faults               #    0.001 M/sec
   538,725,186,654      cycles                    #    1.499 GHz                      (0.63%)
   487,570,484,628      instructions              #    0.91  insn per cycle           (0.75%)
    96,643,851,777      branches                  #  268.826 M/sec                    (0.75%)
     2,428,361,007      branch-misses             #    2.51% of all branches          (0.75%)
   136,880,989,383      L1-dcache-loads           #  380.750 M/sec                    (0.76%)
     6,942,787,179      L1-dcache-load-misses     #    5.07% of all L1-dcache hits    (0.77%)
     2,090,312,031      LLC-loads                 #    5.814 M/sec                    (0.53%)
       372,691,778      LLC-load-misses           #   17.83% of all LL-cache hits     (0.51%)

      68.933305864 seconds time elapsed

     290.685659000 seconds user
      68.561990000 seconds sys


# started on Mon Apr 19 12:35:18 2021


 Performance counter stats for 'p3arsec/bin/parsecmgmt -a run -p facesim -c gcc-pthreads -i native -n 8':

        351,463.53 msec task-clock                #    6.108 CPUs utilized
           534,815      context-switches          #    0.002 M/sec
             2,263      cpu-migrations            #    0.006 K/sec
           494,433      page-faults               #    0.001 M/sec
   500,994,370,447      cycles                    #    1.425 GHz                      (0.63%)
   407,646,303,116      instructions              #    0.81  insn per cycle           (0.77%)
    80,779,057,109      branches                  #  229.836 M/sec                    (0.77%)
     2,372,016,657      branch-misses             #    2.94% of all branches          (0.77%)
   113,344,623,955      L1-dcache-loads           #  322.493 M/sec                    (0.77%)
     6,835,779,128      L1-dcache-load-misses     #    6.03% of all L1-dcache hits    (0.78%)
     2,109,201,196      LLC-loads                 #    6.001 M/sec                    (0.52%)
       385,945,717      LLC-load-misses           #   18.30% of all LL-cache hits     (0.52%)

      57.540653600 seconds time elapsed

     294.267947000 seconds user
      57.636762000 seconds sys


# started on Mon Apr 19 13:00:56 2021


 Performance counter stats for 'p3arsec/bin/parsecmgmt -a run -p facesim -c gcc-pthreads -i native -n 16':

        373,918.98 msec task-clock                #    7.954 CPUs utilized
         1,144,296      context-switches          #    0.003 M/sec
             2,683      cpu-migrations            #    0.007 K/sec
           471,990      page-faults               #    0.001 M/sec
   551,645,601,528      cycles                    #    1.475 GHz                      (0.61%)
   502,777,851,374      instructions              #    0.91  insn per cycle           (0.74%)
    98,562,672,222      branches                  #  263.594 M/sec                    (0.75%)
     2,536,191,457      branch-misses             #    2.57% of all branches          (0.75%)
   141,078,192,132      L1-dcache-loads           #  377.296 M/sec                    (0.74%)
     7,441,206,602      L1-dcache-load-misses     #    5.27% of all L1-dcache hits    (0.73%)
     2,351,932,077      LLC-loads                 #    6.290 M/sec                    (0.47%)
       413,888,490      LLC-load-misses           #   17.60% of all LL-cache hits     (0.48%)

      47.008568106 seconds time elapsed

     321.989366000 seconds user
      55.535124000 seconds sys


# started on Mon Apr 19 13:02:08 2021


 Performance counter stats for 'p3arsec/bin/parsecmgmt -a run -p facesim -c gcc-pthreads -i native -n 32':

        825,271.85 msec task-clock                #    9.814 CPUs utilized
         2,292,584      context-switches          #    0.003 M/sec
            20,038      cpu-migrations            #    0.024 K/sec
           535,827      page-faults               #    0.649 K/sec
 1,285,704,417,001      cycles                    #    1.558 GHz                      (0.26%)
 1,155,764,885,616      instructions              #    0.90  insn per cycle           (0.32%)
   228,777,994,876      branches                  #  277.215 M/sec                    (0.32%)
     5,674,432,160      branch-misses             #    2.48% of all branches          (0.32%)
   322,584,764,593      L1-dcache-loads           #  390.883 M/sec                    (0.32%)
    16,680,475,662      L1-dcache-load-misses     #    5.17% of all L1-dcache hits    (0.32%)
     5,261,901,244      LLC-loads                 #    6.376 M/sec                    (0.21%)
       923,721,317      LLC-load-misses           #   17.55% of all LL-cache hits     (0.21%)

      84.092198584 seconds time elapsed

     731.220456000 seconds user
     116.078034000 seconds sys